\BOOKMARK [1][-]{section.1}{Introduzione}{}% 1
\BOOKMARK [2][-]{subsection.1.1}{Scopo del documento}{section.1}% 2
\BOOKMARK [2][-]{subsection.1.2}{Scopo del prodotto}{section.1}% 3
\BOOKMARK [2][-]{subsection.1.3}{Ambiguit\340}{section.1}% 4
\BOOKMARK [2][-]{subsection.1.4}{Riferimenti}{section.1}% 5
\BOOKMARK [3][-]{subsubsection.1.4.1}{Normativi}{subsection.1.4}% 6
\BOOKMARK [3][-]{subsubsection.1.4.2}{Informatici}{subsection.1.4}% 7
\BOOKMARK [1][-]{section.2}{Processi primari}{}% 8
\BOOKMARK [2][-]{subsection.2.1}{Fornitura}{section.2}% 9
\BOOKMARK [3][-]{subsubsection.2.1.1}{Scopo}{subsection.2.1}% 10
\BOOKMARK [3][-]{subsubsection.2.1.2}{Aspettative}{subsection.2.1}% 11
\BOOKMARK [3][-]{subsubsection.2.1.3}{Descrizione}{subsection.2.1}% 12
\BOOKMARK [3][-]{subsubsection.2.1.4}{Attivit\340}{subsection.2.1}% 13
\BOOKMARK [4][-]{paragraph.2.1.4.1}{Studio di fattibilit\340}{subsubsection.2.1.4}% 14
\BOOKMARK [4][-]{paragraph.2.1.4.2}{Piano di Progetto}{subsubsection.2.1.4}% 15
\BOOKMARK [4][-]{paragraph.2.1.4.3}{Piano di Qualifica}{subsubsection.2.1.4}% 16
\BOOKMARK [2][-]{subsection.2.2}{Sviluppo}{section.2}% 17
\BOOKMARK [3][-]{subsubsection.2.2.1}{Scopo}{subsection.2.2}% 18
\BOOKMARK [3][-]{subsubsection.2.2.2}{Aspettative}{subsection.2.2}% 19
\BOOKMARK [3][-]{subsubsection.2.2.3}{Descrizione}{subsection.2.2}% 20
\BOOKMARK [3][-]{subsubsection.2.2.4}{Attivit\340}{subsection.2.2}% 21
\BOOKMARK [4][-]{paragraph.2.2.4.1}{Analisi dei requisiti}{subsubsection.2.2.4}% 22
\BOOKMARK [5][-]{subparagraph.2.2.4.1.1}{Scopo}{paragraph.2.2.4.1}% 23
\BOOKMARK [5][-]{subparagraph.2.2.4.1.2}{Aspettative}{paragraph.2.2.4.1}% 24
\BOOKMARK [5][-]{subparagraph.2.2.4.1.3}{Descrizione}{paragraph.2.2.4.1}% 25
\BOOKMARK [5][-]{subparagraph.2.2.4.1.4}{Casi d'uso}{paragraph.2.2.4.1}% 26
\BOOKMARK [5][-]{subparagraph.2.2.4.1.5}{Codice identificativo}{paragraph.2.2.4.1}% 27
\BOOKMARK [5][-]{subparagraph.2.2.4.1.6}{Requisiti}{paragraph.2.2.4.1}% 28
\BOOKMARK [5][-]{subparagraph.2.2.4.1.7}{Codice identificativo}{paragraph.2.2.4.1}% 29
\BOOKMARK [5][-]{subparagraph.2.2.4.1.8}{UML}{paragraph.2.2.4.1}% 30
\BOOKMARK [4][-]{paragraph.2.2.4.2}{Progettazione}{subsubsection.2.2.4}% 31
\BOOKMARK [5][-]{subparagraph.2.2.4.2.1}{Scopo}{paragraph.2.2.4.2}% 32
\BOOKMARK [5][-]{subparagraph.2.2.4.2.2}{Aspettative}{paragraph.2.2.4.2}% 33
\BOOKMARK [5][-]{subparagraph.2.2.4.2.3}{Descrizione}{paragraph.2.2.4.2}% 34
\BOOKMARK [5][-]{subparagraph.2.2.4.2.4}{Specifica Tecnica}{paragraph.2.2.4.2}% 35
\BOOKMARK [5][-]{subparagraph.2.2.4.2.5}{Definizione di Prodotto}{paragraph.2.2.4.2}% 36
\BOOKMARK [4][-]{paragraph.2.2.4.3}{Codifica}{subsubsection.2.2.4}% 37
\BOOKMARK [5][-]{subparagraph.2.2.4.3.1}{Scopo}{paragraph.2.2.4.3}% 38
\BOOKMARK [5][-]{subparagraph.2.2.4.3.2}{Aspettative}{paragraph.2.2.4.3}% 39
\BOOKMARK [5][-]{subparagraph.2.2.4.3.3}{Descrizione}{paragraph.2.2.4.3}% 40
\BOOKMARK [5][-]{subparagraph.2.2.4.3.4}{Stile di codifica}{paragraph.2.2.4.3}% 41
\BOOKMARK [5][-]{subparagraph.2.2.4.3.5}{Intestazione}{paragraph.2.2.4.3}% 42
\BOOKMARK [5][-]{subparagraph.2.2.4.3.6}{Versionamento}{paragraph.2.2.4.3}% 43
\BOOKMARK [5][-]{subparagraph.2.2.4.3.7}{Ricorsione}{paragraph.2.2.4.3}% 44
\BOOKMARK [3][-]{subsubsection.2.2.5}{Strumenti}{subsection.2.2}% 45
\BOOKMARK [1][-]{section.3}{Processi Organizzativi}{}% 46
\BOOKMARK [2][-]{subsection.3.1}{Gestione}{section.3}% 47
\BOOKMARK [3][-]{subsubsection.3.1.1}{Scopo}{subsection.3.1}% 48
\BOOKMARK [3][-]{subsubsection.3.1.2}{Aspettative}{subsection.3.1}% 49
\BOOKMARK [3][-]{subsubsection.3.1.3}{Descrizione}{subsection.3.1}% 50
\BOOKMARK [3][-]{subsubsection.3.1.4}{Ruoli di progetto}{subsection.3.1}% 51
\BOOKMARK [4][-]{paragraph.3.1.4.1}{Amministratore di Progetto}{subsubsection.3.1.4}% 52
\BOOKMARK [4][-]{paragraph.3.1.4.2}{Analista}{subsubsection.3.1.4}% 53
\BOOKMARK [4][-]{paragraph.3.1.4.3}{Progettista}{subsubsection.3.1.4}% 54
\BOOKMARK [4][-]{paragraph.3.1.4.4}{Verificatore}{subsubsection.3.1.4}% 55
\BOOKMARK [4][-]{paragraph.3.1.4.5}{Programmatore}{subsubsection.3.1.4}% 56
\BOOKMARK [4][-]{paragraph.3.1.4.6}{Project Manager}{subsubsection.3.1.4}% 57
\BOOKMARK [3][-]{subsubsection.3.1.5}{Procedure}{subsection.3.1}% 58
\BOOKMARK [4][-]{paragraph.3.1.5.1}{Gestione delle comunicazioni}{subsubsection.3.1.5}% 59
\BOOKMARK [5][-]{subparagraph.3.1.5.1.1}{Comunicazioni interne}{paragraph.3.1.5.1}% 60
\BOOKMARK [5][-]{subparagraph.3.1.5.1.2}{Comunicazioni esterne}{paragraph.3.1.5.1}% 61
\BOOKMARK [4][-]{paragraph.3.1.5.2}{Gestione degli incontri}{subsubsection.3.1.5}% 62
\BOOKMARK [5][-]{subparagraph.3.1.5.2.1}{Incontri interni}{paragraph.3.1.5.2}% 63
\BOOKMARK [5][-]{subparagraph.3.1.5.2.2}{Incontri esterni}{paragraph.3.1.5.2}% 64
\BOOKMARK [4][-]{paragraph.3.1.5.3}{Gestione degli strumenti di coordinamento}{subsubsection.3.1.5}% 65
\BOOKMARK [5][-]{subparagraph.3.1.5.3.1}{Ticketing}{paragraph.3.1.5.3}% 66
\BOOKMARK [5][-]{subparagraph.3.1.5.3.2}{Struttura del worskspace di comunicazioni interne}{paragraph.3.1.5.3}% 67
\BOOKMARK [4][-]{paragraph.3.1.5.4}{Gestione degli strumenti di versionamento}{subsubsection.3.1.5}% 68
\BOOKMARK [5][-]{subparagraph.3.1.5.4.1}{Repository}{paragraph.3.1.5.4}% 69
\BOOKMARK [5][-]{subparagraph.3.1.5.4.2}{Struttura del repository}{paragraph.3.1.5.4}% 70
\BOOKMARK [5][-]{subparagraph.3.1.5.4.3}{Norme sui nomi dei files}{paragraph.3.1.5.4}% 71
\BOOKMARK [5][-]{subparagraph.3.1.5.4.4}{Estensioni ammesse}{paragraph.3.1.5.4}% 72
\BOOKMARK [5][-]{subparagraph.3.1.5.4.5}{Norme su commit}{paragraph.3.1.5.4}% 73
\BOOKMARK [4][-]{paragraph.3.1.5.5}{Gestione dei rischi}{subsubsection.3.1.5}% 74
\BOOKMARK [3][-]{subsubsection.3.1.6}{Strumenti}{subsection.3.1}% 75
\BOOKMARK [4][-]{paragraph.3.1.6.1}{Sistema Operativo}{subsubsection.3.1.6}% 76
\BOOKMARK [4][-]{paragraph.3.1.6.2}{Slack}{subsubsection.3.1.6}% 77
\BOOKMARK [4][-]{paragraph.3.1.6.3}{Trello}{subsubsection.3.1.6}% 78
\BOOKMARK [4][-]{paragraph.3.1.6.4}{Github}{subsubsection.3.1.6}% 79
\BOOKMARK [4][-]{paragraph.3.1.6.5}{Git}{subsubsection.3.1.6}% 80
\BOOKMARK [4][-]{paragraph.3.1.6.6}{Gitkraken}{subsubsection.3.1.6}% 81
\BOOKMARK [1][-]{section.4}{Processi di Supporto}{}% 82
\BOOKMARK [2][-]{subsection.4.1}{Documentazione}{section.4}% 83
\BOOKMARK [3][-]{subsubsection.4.1.1}{Scopo}{subsection.4.1}% 84
\BOOKMARK [3][-]{subsubsection.4.1.2}{Aspettative}{subsection.4.1}% 85
\BOOKMARK [3][-]{subsubsection.4.1.3}{Descrizione}{subsection.4.1}% 86
\BOOKMARK [3][-]{subsubsection.4.1.4}{Procedure}{subsection.4.1}% 87
\BOOKMARK [4][-]{paragraph.4.1.4.1}{Approvazione dei documenti}{subsubsection.4.1.4}% 88
\BOOKMARK [3][-]{subsubsection.4.1.5}{Template}{subsection.4.1}% 89
\BOOKMARK [3][-]{subsubsection.4.1.6}{Struttura dei documenti}{subsection.4.1}% 90
\BOOKMARK [4][-]{paragraph.4.1.6.1}{Prima pagina}{subsubsection.4.1.6}% 91
\BOOKMARK [4][-]{paragraph.4.1.6.2}{Registro delle modifiche}{subsubsection.4.1.6}% 92
\BOOKMARK [4][-]{paragraph.4.1.6.3}{Indici}{subsubsection.4.1.6}% 93
\BOOKMARK [4][-]{paragraph.4.1.6.4}{Formattazione generale delle pagine}{subsubsection.4.1.6}% 94
\BOOKMARK [5][-]{subparagraph.4.1.6.4.1}{Intestazione}{paragraph.4.1.6.4}% 95
\BOOKMARK [5][-]{subparagraph.4.1.6.4.2}{Pi\350 di pagina}{paragraph.4.1.6.4}% 96
\BOOKMARK [4][-]{paragraph.4.1.6.5}{Note a pi\350 di pagina}{subsubsection.4.1.6}% 97
\BOOKMARK [3][-]{subsubsection.4.1.7}{Versionamento}{subsection.4.1}% 98
\BOOKMARK [3][-]{subsubsection.4.1.8}{Norme tipografiche}{subsection.4.1}% 99
\BOOKMARK [4][-]{paragraph.4.1.8.1}{Stile del testo}{subsubsection.4.1.8}% 100
\BOOKMARK [4][-]{paragraph.4.1.8.2}{Elenchi puntati}{subsubsection.4.1.8}% 101
\BOOKMARK [4][-]{paragraph.4.1.8.3}{Formati comuni}{subsubsection.4.1.8}% 102
\BOOKMARK [4][-]{paragraph.4.1.8.4}{Sigle}{subsubsection.4.1.8}% 103
\BOOKMARK [3][-]{subsubsection.4.1.9}{Elementi grafici}{subsection.4.1}% 104
\BOOKMARK [4][-]{paragraph.4.1.9.1}{Tabelle}{subsubsection.4.1.9}% 105
\BOOKMARK [4][-]{paragraph.4.1.9.2}{Immagini}{subsubsection.4.1.9}% 106
\BOOKMARK [3][-]{subsubsection.4.1.10}{Classificazione dei documenti}{subsection.4.1}% 107
\BOOKMARK [4][-]{paragraph.4.1.10.1}{Documenti informali}{subsubsection.4.1.10}% 108
\BOOKMARK [4][-]{paragraph.4.1.10.2}{Documenti formali}{subsubsection.4.1.10}% 109
\BOOKMARK [4][-]{paragraph.4.1.10.3}{Verbali}{subsubsection.4.1.10}% 110
\BOOKMARK [3][-]{subsubsection.4.1.11}{Strumenti}{subsection.4.1}% 111
\BOOKMARK [4][-]{paragraph.4.1.11.1}{LaTeX}{subsubsection.4.1.11}% 112
\BOOKMARK [4][-]{paragraph.4.1.11.2}{TexStudio}{subsubsection.4.1.11}% 113
\BOOKMARK [4][-]{paragraph.4.1.11.3}{Lucidchart}{subsubsection.4.1.11}% 114
\BOOKMARK [2][-]{subsection.4.2}{Verifica}{section.4}% 115
\BOOKMARK [3][-]{subsubsection.4.2.1}{Scopo}{subsection.4.2}% 116
\BOOKMARK [3][-]{subsubsection.4.2.2}{Aspettative}{subsection.4.2}% 117
\BOOKMARK [3][-]{subsubsection.4.2.3}{Descrizione}{subsection.4.2}% 118
\BOOKMARK [3][-]{subsubsection.4.2.4}{Attivit\340}{subsection.4.2}% 119
\BOOKMARK [4][-]{paragraph.4.2.4.1}{Analisi}{subsubsection.4.2.4}% 120
\BOOKMARK [5][-]{subparagraph.4.2.4.1.1}{Analisi Statica}{paragraph.4.2.4.1}% 121
\BOOKMARK [5][-]{subparagraph.4.2.4.1.2}{Analisi dinamica}{paragraph.4.2.4.1}% 122
\BOOKMARK [4][-]{paragraph.4.2.4.2}{Test}{subsubsection.4.2.4}% 123
\BOOKMARK [5][-]{subparagraph.4.2.4.2.1}{Test di unit\340}{paragraph.4.2.4.2}% 124
\BOOKMARK [5][-]{subparagraph.4.2.4.2.2}{Test di integrazione}{paragraph.4.2.4.2}% 125
\BOOKMARK [5][-]{subparagraph.4.2.4.2.3}{Test di sistema}{paragraph.4.2.4.2}% 126
\BOOKMARK [5][-]{subparagraph.4.2.4.2.4}{Test di regressione}{paragraph.4.2.4.2}% 127
\BOOKMARK [5][-]{subparagraph.4.2.4.2.5}{Test di accettazione}{paragraph.4.2.4.2}% 128
\BOOKMARK [3][-]{subsubsection.4.2.5}{Strumenti}{subsection.4.2}% 129
\BOOKMARK [4][-]{paragraph.4.2.5.1}{Verifica ortografica}{subsubsection.4.2.5}% 130
\BOOKMARK [4][-]{paragraph.4.2.5.2}{Analisi statica}{subsubsection.4.2.5}% 131
\BOOKMARK [4][-]{paragraph.4.2.5.3}{Analisi dinamica}{subsubsection.4.2.5}% 132
\BOOKMARK [4][-]{paragraph.4.2.5.4}{Metriche}{subsubsection.4.2.5}% 133
